2025-02-23 05:18:11,187 INFO o.a.j.u.JMeterUtils: Setting Locale to en_EN
2025-02-23 05:18:11,204 INFO o.a.j.JMeter: Loading user properties from: /Users/hyouzl/jmeter/apache-jmeter-5.6.3/bin/user.properties
2025-02-23 05:18:11,205 INFO o.a.j.JMeter: Loading system properties from: /Users/hyouzl/jmeter/apache-jmeter-5.6.3/bin/system.properties
2025-02-23 05:18:11,205 INFO o.a.j.JMeter: Setting System property: server_port=1099
2025-02-23 05:18:11,208 INFO o.a.j.JMeter: Copyright (c) 1998-2024 The Apache Software Foundation
2025-02-23 05:18:11,208 INFO o.a.j.JMeter: Version 5.6.3
2025-02-23 05:18:11,209 INFO o.a.j.JMeter: java.version=17.0.8
2025-02-23 05:18:11,209 INFO o.a.j.JMeter: java.vm.name=Java HotSpot(TM) 64-Bit Server VM
2025-02-23 05:18:11,209 INFO o.a.j.JMeter: os.name=Mac OS X
2025-02-23 05:18:11,209 INFO o.a.j.JMeter: os.arch=aarch64
2025-02-23 05:18:11,209 INFO o.a.j.JMeter: os.version=14.4.1
2025-02-23 05:18:11,209 INFO o.a.j.JMeter: file.encoding=UTF-8
2025-02-23 05:18:11,209 INFO o.a.j.JMeter: java.awt.headless=true
2025-02-23 05:18:11,209 INFO o.a.j.JMeter: Max memory     =1073741824
2025-02-23 05:18:11,209 INFO o.a.j.JMeter: Available Processors =10
2025-02-23 05:18:11,216 INFO o.a.j.JMeter: Default Locale=English (EN)
2025-02-23 05:18:11,216 INFO o.a.j.JMeter: JMeter  Locale=English (EN)
2025-02-23 05:18:11,216 INFO o.a.j.JMeter: JMeterHome=/Users/hyouzl/jmeter/apache-jmeter-5.6.3
2025-02-23 05:18:11,216 INFO o.a.j.JMeter: user.dir  =/Users/hyouzl/Nolleogasil_frontend_refactor/nolleogasil_frontend
2025-02-23 05:18:11,216 INFO o.a.j.JMeter: PWD       =/Users/hyouzl/Nolleogasil_frontend_refactor/nolleogasil_frontend
2025-02-23 05:18:11,218 INFO o.a.j.JMeter: IP: 127.0.0.1 Name: hong-yuliui-MacBookPro.local FullName: localhost
2025-02-23 05:18:11,235 INFO o.a.j.r.RmiUtils: System property 'java.rmi.server.hostname' is not defined, using localHost address
2025-02-23 05:18:11,235 INFO o.a.j.r.RmiUtils: Local IP address=127.0.0.1
2025-02-23 05:18:11,236 ERROR o.a.j.JMeter: Giving up, as server failed with:
java.rmi.RemoteException: Cannot start. hong-yuliui-MacBookPro.local is a loopback address.
	at org.apache.jmeter.rmi.RmiUtils.getRmiHost(RmiUtils.java:145) ~[ApacheJMeter_core.jar:5.6.3]
	at org.apache.jmeter.rmi.RmiUtils.createServerSocketFactory(RmiUtils.java:112) ~[ApacheJMeter_core.jar:5.6.3]
	at org.apache.jmeter.engine.RemoteJMeterEngineImpl.<init>(RemoteJMeterEngineImpl.java:68) ~[ApacheJMeter_core.jar:5.6.3]
	at org.apache.jmeter.engine.RemoteJMeterEngineImpl.startServer(RemoteJMeterEngineImpl.java:74) ~[ApacheJMeter_core.jar:5.6.3]
	at org.apache.jmeter.JMeter.start(JMeter.java:464) [ApacheJMeter_core.jar:5.6.3]
	at java.base/jdk.internal.reflect.NativeMethodAccessorImpl.invoke0(Native Method) ~[?:?]
	at java.base/jdk.internal.reflect.NativeMethodAccessorImpl.invoke(NativeMethodAccessorImpl.java:77) ~[?:?]
	at java.base/jdk.internal.reflect.DelegatingMethodAccessorImpl.invoke(DelegatingMethodAccessorImpl.java:43) ~[?:?]
	at java.base/java.lang.reflect.Method.invoke(Method.java:568) ~[?:?]
	at org.apache.jmeter.NewDriver.main(NewDriver.java:259) [ApacheJMeter.jar:5.6.3]
2025-02-23 05:18:11,241 ERROR o.a.j.JMeter: An error occurred: 
java.rmi.RemoteException: Cannot start. hong-yuliui-MacBookPro.local is a loopback address.
	at org.apache.jmeter.rmi.RmiUtils.getRmiHost(RmiUtils.java:145) ~[ApacheJMeter_core.jar:5.6.3]
	at org.apache.jmeter.rmi.RmiUtils.createServerSocketFactory(RmiUtils.java:112) ~[ApacheJMeter_core.jar:5.6.3]
	at org.apache.jmeter.engine.RemoteJMeterEngineImpl.<init>(RemoteJMeterEngineImpl.java:68) ~[ApacheJMeter_core.jar:5.6.3]
	at org.apache.jmeter.engine.RemoteJMeterEngineImpl.startServer(RemoteJMeterEngineImpl.java:74) ~[ApacheJMeter_core.jar:5.6.3]
	at org.apache.jmeter.JMeter.start(JMeter.java:464) [ApacheJMeter_core.jar:5.6.3]
	at java.base/jdk.internal.reflect.NativeMethodAccessorImpl.invoke0(Native Method) ~[?:?]
	at java.base/jdk.internal.reflect.NativeMethodAccessorImpl.invoke(NativeMethodAccessorImpl.java:77) ~[?:?]
	at java.base/jdk.internal.reflect.DelegatingMethodAccessorImpl.invoke(DelegatingMethodAccessorImpl.java:43) ~[?:?]
	at java.base/java.lang.reflect.Method.invoke(Method.java:568) ~[?:?]
	at org.apache.jmeter.NewDriver.main(NewDriver.java:259) [ApacheJMeter.jar:5.6.3]
